{
  "RSpec": {
    "coverage": {
      "/postcode_checker/config/environment.rb": [
        null,
        null,
        null,
        1,
        null,
        null,
        1
      ],
      "/postcode_checker/config/application.rb": [
        null,
        null,
        1,
        null,
        1,
        null,
        null,
        null,
        1,
        null,
        1,
        1,
        null,
        1,
        null,
        null,
        null,
        null,
        null,
        null,
        null
      ],
      "/postcode_checker/config/boot.rb": [
        null,
        null,
        1,
        null,
        1,
        1
      ],
      "/postcode_checker/config/environments/test.rb": [
        null,
        null,
        null,
        null,
        null,
        null,
        null,
        1,
        null,
        null,
        1,
        null,
        null,
        null,
        null,
        1,
        null,
        null,
        1,
        1,
        null,
        null,
        null,
        null,
        1,
        1,
        1,
        null,
        null,
        1,
        null,
        null,
        1,
        null,
        null,
        1,
        null,
        1,
        null,
        null,
        null,
        null,
        1,
        null,
        null,
        1,
        null,
        null,
        null,
        null
      ],
      "/postcode_checker/config/initializers/application_controller_renderer.rb": [
        null,
        null,
        null,
        null,
        null,
        null,
        null,
        null,
        null
      ],
      "/postcode_checker/config/initializers/assets.rb": [
        null,
        null,
        null,
        null,
        null,
        1,
        null,
        null,
        null,
        null,
        1,
        null,
        null,
        null,
        null,
        null
      ],
      "/postcode_checker/config/initializers/backtrace_silencers.rb": [
        null,
        null,
        null,
        null,
        null,
        null,
        null,
        null
      ],
      "/postcode_checker/config/initializers/content_security_policy.rb": [
        null,
        null,
        null,
        null,
        null,
        null,
        null,
        null,
        null,
        null,
        null,
        null,
        null,
        null,
        null,
        null,
        null,
        null,
        null,
        null,
        null,
        null,
        null,
        null,
        null,
        null,
        null,
        null,
        null,
        null,
        null
      ],
      "/postcode_checker/config/initializers/cookies_serializer.rb": [
        null,
        null,
        null,
        null,
        null,
        null,
        1
      ],
      "/postcode_checker/config/initializers/external_apis.rb": [
        null,
        null,
        1,
        1,
        1,
        1,
        1,
        12,
        null,
        null,
        null,
        null,
        null
      ],
      "/postcode_checker/config/initializers/filter_parameter_logging.rb": [
        null,
        null,
        null,
        null,
        null,
        1
      ],
      "/postcode_checker/config/initializers/inflections.rb": [
        null,
        null,
        null,
        null,
        null,
        null,
        null,
        null,
        null,
        null,
        null,
        null,
        null,
        null,
        null,
        null,
        null
      ],
      "/postcode_checker/config/initializers/mime_types.rb": [
        null,
        null,
        null,
        null,
        null
      ],
      "/postcode_checker/config/initializers/wrap_parameters.rb": [
        null,
        null,
        null,
        null,
        null,
        null,
        null,
        null,
        1,
        2,
        null,
        null,
        null,
        null,
        null,
        null
      ],
      "/postcode_checker/spec/factories/districts.rb": [
        null,
        null,
        1,
        1,
        53,
        null,
        null
      ],
      "/postcode_checker/spec/factories/postcodes.rb": [
        null,
        null,
        1,
        1,
        53,
        null,
        null
      ],
      "/postcode_checker/config/routes.rb": [
        null,
        null,
        1,
        1,
        1,
        1,
        1,
        1,
        null,
        null
      ],
      "/postcode_checker/app/helpers/application_helper.rb": [
        null,
        null,
        1,
        null
      ],
      "/postcode_checker/spec/support/factory_bot.rb": [
        null,
        null,
        1,
        1,
        null
      ],
      "/postcode_checker/spec/features/district/list_spec.rb": [
        null,
        null,
        1,
        null,
        1,
        1,
        1,
        null,
        1,
        null,
        1,
        3,
        null,
        null,
        null,
        1,
        1,
        1,
        1,
        null,
        1,
        null,
        1,
        1,
        null,
        null,
        1,
        10,
        null,
        null,
        1,
        10,
        null,
        null,
        null
      ],
      "/postcode_checker/spec/features/district/update_spec.rb": [
        null,
        null,
        1,
        null,
        1,
        1,
        1,
        1,
        null,
        1,
        null,
        1,
        null,
        1,
        null,
        1,
        null,
        null,
        1,
        1,
        1,
        null,
        1,
        null,
        1,
        null,
        1,
        null,
        1,
        null,
        null
      ],
      "/postcode_checker/spec/features/postcode/create_spec.rb": [
        null,
        null,
        1,
        null,
        1,
        1,
        1,
        null,
        1,
        null,
        1,
        null,
        1,
        null,
        null,
        1,
        1,
        null,
        1,
        null,
        1,
        null,
        1,
        null,
        null
      ],
      "/postcode_checker/spec/features/postcode/list_spec.rb": [
        null,
        null,
        1,
        null,
        1,
        1,
        1,
        null,
        1,
        null,
        1,
        3,
        null,
        null,
        null,
        1,
        1,
        1,
        1,
        null,
        1,
        null,
        1,
        1,
        null,
        null,
        1,
        10,
        null,
        null,
        1,
        10,
        null,
        null,
        null
      ],
      "/postcode_checker/spec/features/postcode/update_spec.rb": [
        null,
        null,
        1,
        null,
        1,
        1,
        1,
        1,
        1,
        null,
        1,
        null,
        1,
        null,
        1,
        null,
        null,
        1,
        1,
        1,
        1,
        null,
        1,
        null,
        1,
        null,
        1,
        null,
        null
      ],
      "/postcode_checker/spec/features/whitelist/search_spec.rb": [
        null,
        null,
        1,
        null,
        1,
        1,
        1,
        1,
        1,
        1,
        1,
        null,
        1,
        1,
        null,
        1,
        null,
        1,
        null,
        1,
        null,
        1,
        1,
        null,
        null,
        1,
        1,
        null,
        1,
        null,
        1,
        null,
        1,
        null,
        1,
        null,
        1,
        1,
        null,
        null,
        1,
        1,
        1,
        1,
        1,
        1,
        null,
        1,
        1,
        1,
        null,
        1,
        null,
        1,
        null,
        1,
        null,
        1,
        null,
        null
      ],
      "/postcode_checker/spec/models/district_spec.rb": [
        null,
        null,
        1,
        null,
        1,
        1,
        2,
        null,
        1,
        2,
        null,
        1,
        1,
        null,
        null,
        null,
        null,
        1,
        5,
        null,
        1,
        2,
        null,
        1,
        1,
        null,
        null,
        null,
        1,
        1,
        2,
        null,
        1,
        1,
        null,
        null,
        null,
        1,
        2,
        null,
        2,
        null,
        1,
        1,
        null,
        null,
        null,
        1,
        2,
        null,
        1,
        1,
        null,
        null,
        null,
        null,
        1,
        1,
        1,
        2,
        null,
        1,
        1,
        null,
        1,
        1,
        null,
        null,
        null,
        1,
        2,
        2,
        2,
        null,
        1,
        1,
        null,
        1,
        1,
        null,
        null,
        null,
        null,
        1,
        2,
        2,
        2,
        2,
        null,
        1,
        1,
        null,
        null,
        null,
        null,
        1,
        1,
        1,
        null,
        null,
        null,
        null,
        null
      ],
      "/postcode_checker/app/models/district.rb": [
        null,
        null,
        null,
        1,
        1,
        null,
        1,
        null,
        null,
        null
      ],
      "/postcode_checker/app/models/application_record.rb": [
        null,
        null,
        1,
        1,
        null
      ],
      "/postcode_checker/app/models/queries/ordered_by_update_date.rb": [
        null,
        null,
        null,
        1,
        1,
        1,
        16,
        null,
        null,
        null,
        null
      ],
      "/postcode_checker/spec/models/postcode_spec.rb": [
        null,
        null,
        1,
        null,
        1,
        1,
        3,
        null,
        1,
        1,
        2,
        null,
        1,
        1,
        null,
        null,
        null,
        1,
        2,
        null,
        1,
        1,
        null,
        null,
        null,
        null,
        null,
        1,
        4,
        null,
        1,
        2,
        null,
        1,
        1,
        null,
        null,
        null,
        1,
        1,
        2,
        null,
        1,
        1,
        null,
        null,
        null,
        1,
        2,
        null,
        2,
        null,
        1,
        1,
        null,
        null,
        null,
        null,
        null,
        1,
        1,
        1,
        2,
        null,
        1,
        1,
        null,
        1,
        1,
        null,
        null,
        null,
        1,
        2,
        2,
        2,
        null,
        1,
        1,
        null,
        1,
        1,
        null,
        null,
        null,
        null,
        1,
        2,
        2,
        2,
        2,
        null,
        1,
        1,
        null,
        null,
        null,
        null,
        1,
        1,
        1,
        null,
        null,
        null,
        null
      ],
      "/postcode_checker/app/models/postcode.rb": [
        null,
        null,
        null,
        1,
        1,
        null,
        1,
        null,
        null,
        null,
        null,
        null,
        1,
        null,
        null,
        null,
        1,
        60,
        null,
        null
      ],
      "/postcode_checker/spec/services/requests/find_postcode_spec.rb": [
        null,
        null,
        1,
        null,
        1,
        8,
        4,
        5,
        5,
        4,
        3,
        1,
        2,
        null,
        null,
        null,
        null,
        null,
        1,
        7,
        null,
        null,
        1,
        1,
        1,
        null,
        null,
        1,
        1,
        null,
        null,
        null,
        1,
        1,
        1,
        null,
        null,
        null,
        1,
        1,
        1,
        null,
        null,
        null,
        1,
        1,
        1,
        null,
        null,
        null,
        1,
        1,
        1,
        null,
        null,
        null,
        1,
        1,
        1,
        null,
        null,
        null,
        1,
        1,
        1,
        null,
        null,
        1,
        null,
        null,
        1,
        null,
        null,
        null
      ],
      "/postcode_checker/app/services/requests/find_postcode.rb": [
        null,
        null,
        null,
        1,
        1,
        1,
        null,
        1,
        9,
        null,
        null,
        1,
        6,
        null,
        null,
        1,
        6,
        null,
        null,
        1,
        6,
        null,
        null,
        null
      ],
      "/postcode_checker/app/services/requests/request.rb": [
        null,
        null,
        null,
        1,
        1,
        1,
        5,
        4,
        null,
        null,
        1,
        null,
        6,
        null,
        null,
        null,
        null,
        null,
        null,
        1,
        7,
        null,
        null,
        1,
        3,
        null,
        null,
        1,
        2,
        null,
        null,
        1,
        null,
        null,
        null,
        1,
        null,
        null,
        null,
        1,
        null,
        null,
        null,
        1,
        null,
        null,
        null,
        1,
        4,
        null,
        3,
        null,
        null,
        null,
        null,
        null,
        1,
        null,
        1,
        null,
        null
      ],
      "/postcode_checker/spec/services/requests/request_spec.rb": [
        null,
        null,
        1,
        null,
        1,
        1,
        1,
        2,
        null,
        null,
        null,
        1,
        1,
        2,
        null,
        null,
        null,
        1,
        1,
        2,
        null,
        null,
        null,
        1,
        1,
        2,
        null,
        null,
        null,
        1,
        1,
        2,
        null,
        null,
        null,
        1,
        1,
        1,
        null,
        null,
        null,
        1,
        1,
        1,
        null,
        null,
        null,
        1,
        1,
        1,
        null,
        null,
        null,
        1,
        1,
        1,
        null,
        null,
        null,
        1,
        1,
        1,
        null,
        null,
        null
      ],
      "/postcode_checker/spec/services/requests/response_spec.rb": [
        null,
        null,
        1,
        null,
        1,
        6,
        6,
        6,
        6,
        null,
        1,
        5,
        null,
        null,
        1,
        1,
        1,
        null,
        null,
        null,
        1,
        1,
        1,
        null,
        null,
        null,
        1,
        1,
        1,
        null,
        null,
        null,
        1,
        1,
        1,
        null,
        null,
        null,
        1,
        1,
        1,
        null,
        null,
        null
      ],
      "/postcode_checker/app/services/requests/response.rb": [
        null,
        null,
        null,
        1,
        1,
        1,
        null,
        1,
        8,
        8,
        8,
        8,
        null,
        null,
        1,
        5,
        null,
        null,
        1,
        2,
        null,
        2,
        null,
        null,
        null
      ],
      "/postcode_checker/spec/services/whitelist/check_lsoa_spec.rb": [
        null,
        null,
        1,
        null,
        1,
        3,
        1,
        2,
        null,
        null,
        3,
        3,
        3,
        null,
        1,
        2,
        null,
        null,
        1,
        1,
        2,
        null,
        1,
        1,
        null,
        1,
        1,
        null,
        null,
        null,
        1,
        2,
        null,
        1,
        1,
        null,
        1,
        1,
        null,
        null,
        null,
        null
      ],
      "/postcode_checker/app/services/whitelist/check_lsoa.rb": [
        null,
        null,
        null,
        null,
        1,
        1,
        1,
        null,
        1,
        4,
        4,
        null,
        null,
        1,
        4,
        4,
        null,
        3,
        3,
        null,
        null,
        1,
        null,
        1,
        3,
        null,
        null,
        null
      ],
      "/postcode_checker/spec/services/whitelist/check_postcode_spec.rb": [
        null,
        null,
        1,
        null,
        1,
        3,
        3,
        null,
        1,
        2,
        null,
        null,
        1,
        2,
        null,
        1,
        1,
        1,
        1,
        null,
        null,
        null,
        1,
        2,
        null,
        1,
        1,
        1,
        null,
        null,
        null,
        null
      ],
      "/postcode_checker/app/services/whitelist/check_postcode.rb": [
        null,
        null,
        null,
        null,
        1,
        1,
        1,
        null,
        1,
        5,
        5,
        null,
        null,
        1,
        5,
        null,
        null,
        null
      ],
      "/postcode_checker/spec/services/whitelist/rules_spec.rb": [
        null,
        null,
        1,
        null,
        1,
        1,
        4,
        null,
        1,
        3,
        null,
        null,
        1,
        2,
        null,
        1,
        1,
        null,
        1,
        1,
        1,
        1,
        null,
        null,
        null,
        1,
        2,
        2,
        null,
        1,
        1,
        1,
        null,
        1,
        1,
        1,
        1,
        null,
        null,
        null,
        1,
        2,
        2,
        null,
        1,
        1,
        1,
        null,
        1,
        1,
        1,
        1,
        null,
        null,
        null,
        null
      ],
      "/postcode_checker/app/services/whitelist/rules.rb": [
        null,
        null,
        null,
        1,
        1,
        null,
        1,
        null,
        null,
        null,
        1,
        6,
        null,
        null,
        1,
        16,
        6,
        null,
        null,
        1,
        null,
        1,
        null,
        null
      ],
      "/postcode_checker/spec/services/whitelist_service_spec.rb": [
        null,
        null,
        1,
        null,
        1,
        1,
        2,
        2,
        2,
        2,
        null,
        1,
        1,
        null,
        null,
        1,
        1,
        1,
        null,
        null,
        null
      ],
      "/postcode_checker/app/services/whitelist_service.rb": [
        null,
        null,
        null,
        1,
        1,
        4,
        null,
        null,
        1,
        4,
        4,
        null,
        null,
        1,
        null,
        1,
        null,
        1,
        4,
        null,
        null
      ],
      "/postcode_checker/app/controllers/application_controller.rb": [
        null,
        null,
        1,
        null
      ],
      "/postcode_checker/app/controllers/districts_controller.rb": [
        null,
        null,
        1,
        1,
        5,
        null,
        null,
        1,
        2,
        null,
        null,
        1,
        2,
        null,
        2,
        1,
        null,
        1,
        null,
        null,
        null,
        1,
        2,
        null,
        null,
        1,
        2,
        null,
        2,
        1,
        null,
        1,
        null,
        null,
        null,
        1,
        0,
        0,
        null,
        null,
        1,
        null,
        1,
        4,
        null,
        null
      ],
      "/postcode_checker/app/controllers/postcodes_controller.rb": [
        null,
        null,
        1,
        1,
        5,
        null,
        null,
        1,
        2,
        null,
        null,
        1,
        2,
        null,
        2,
        1,
        null,
        1,
        null,
        null,
        null,
        1,
        2,
        null,
        null,
        1,
        2,
        null,
        2,
        1,
        null,
        1,
        null,
        null,
        null,
        1,
        0,
        0,
        null,
        null,
        1,
        null,
        1,
        4,
        null,
        null
      ],
      "/postcode_checker/app/controllers/whitelist_controller.rb": [
        null,
        null,
        1,
        1,
        null,
        1,
        3,
        3,
        null,
        null,
        1,
        null,
        1,
        3,
        null,
        null
      ],
      "/postcode_checker/app/services/whitelist/response.rb": [
        null,
        null,
        null,
        1,
        1,
        1,
        null,
        1,
        6,
        6,
        6,
        null,
        null,
        1,
        6,
        null,
        null,
        null
      ]
    },
    "timestamp": 1579051100
  }
}
